<?xml version="1.0" encoding="UTF-8"?>
<!-- Generated by org.testng.reporters.JUnitReportReporter -->
<testsuite skipped="0" hostname="NDI-LAP-715" name="com.w2a.RestAsssured_API_Batch1.TestCases.TC_01" tests="1" failures="0" timestamp="03 Jul 2018 10:05:07 GMT" time="3.493" errors="0">
  <testcase name="retriveAllCustomers" time="3.493" classname="com.w2a.RestAsssured_API_Batch1.TestCases.TC_01"/>
</testsuite> <!-- com.w2a.RestAsssured_API_Batch1.TestCases.TC_01 -->
