<?xml version="1.0" encoding="UTF-8"?>
<!-- Generated by org.testng.reporters.JUnitReportReporter -->
<testsuite skipped="0" hostname="NDI-LAP-715" name="com.w2a.RestAsssured_API_Batch1.TestCases.DeleteCustomerAPITest" tests="1" failures="0" timestamp="06 Jul 2018 14:38:33 GMT" time="5.214" errors="0">
  <testcase name="validateDeleteCustomerAPIOfValidCustomer" time="5.214" classname="com.w2a.RestAsssured_API_Batch1.TestCases.DeleteCustomerAPITest"/>
</testsuite> <!-- com.w2a.RestAsssured_API_Batch1.TestCases.DeleteCustomerAPITest -->
