<?xml version="1.0" encoding="UTF-8"?>
<!-- Generated by org.testng.reporters.JUnitReportReporter -->
<testsuite skipped="0" hostname="NDI-LAP-715" name="com.w2a.RestAsssured_API_Batch1.TestCases.TC_01" tests="1" failures="0" timestamp="07 Jul 2018 05:47:30 GMT" time="4.284" errors="0">
  <testcase name="validateRetriveCustomersWithInvalidKey" time="4.284" classname="com.w2a.RestAsssured_API_Batch1.TestCases.TC_01"/>
</testsuite> <!-- com.w2a.RestAsssured_API_Batch1.TestCases.TC_01 -->
